<?xml version="1.0" encoding="UTF-8" ?>
<testsuite errors="1" failures="0" hostname="ASHUTOSHS" name="catalog.view.builder.Test1" skipped="0" tests="1" time="0.0" timestamp="2013-12-09T11:29:28">
  <properties>
    <property name="java.vendor" value="Oracle Corporation" />
    <property name="lib.dir" value="C:\Users\ashutoshs.RLLABINDIA\workspace\jcatalog/lib" />
    <property name="sun.java.launcher" value="SUN_STANDARD" />
    <property name="eclipse.pdebuild.templates" value="/C:/Users/ashutoshs.RLLABINDIA/Downloads/eclipse/eclipse/plugins/org.eclipse.pde.build_3.9.0.v20130725-2123/templates/" />
    <property name="sun.management.compiler" value="HotSpot Client Compiler" />
    <property name="test.data.dir" value="C:\Users\ashutoshs.RLLABINDIA\workspace\jcatalog\build\test\data" />
    <property name="docs.dir" value="C:\Users\ashutoshs.RLLABINDIA\workspace\jcatalog/docs" />
    <property name="os.name" value="Windows 7" />
    <property name="sun.boot.class.path" value="C:\Program Files (x86)\Java\jre7\lib\resources.jar;C:\Program Files (x86)\Java\jre7\lib\rt.jar;C:\Program Files (x86)\Java\jre7\lib\sunrsasign.jar;C:\Program Files (x86)\Java\jre7\lib\jsse.jar;C:\Program Files (x86)\Java\jre7\lib\jce.jar;C:\Program Files (x86)\Java\jre7\lib\charsets.jar;C:\Program Files (x86)\Java\jre7\lib\jfr.jar;C:\Program Files (x86)\Java\jre7\classes" />
    <property name="sun.desktop" value="windows" />
    <property name="java.vm.specification.vendor" value="Oracle Corporation" />
    <property name="ant.home" value="C:\Users\ashutoshs.RLLABINDIA\Downloads\eclipse\eclipse\plugins\org.apache.ant_1.9.2.v201307241445" />
    <property name="java.runtime.version" value="1.7.0_45-b18" />
    <property name="src.java.dir" value="C:\Users\ashutoshs.RLLABINDIA\workspace\jcatalog/src/java" />
    <property name="user.name" value="ashutoshs" />
    <property name="build.dir" value="C:\Users\ashutoshs.RLLABINDIA\workspace\jcatalog/build" />
    <property name="docs.api.dir" value="C:\Users\ashutoshs.RLLABINDIA\workspace\jcatalog/docs/api" />
    <property name="user.language" value="en" />
    <property name="sun.boot.library.path" value="C:\Program Files (x86)\Java\jre7\bin" />
    <property name="ant.project.default-target" value="build.war" />
    <property name="srcdir" value="C:\Users\ashutoshs.RLLABINDIA\workspace\jcatalog\src" />
    <property name="ant.file.jcatalog" value="C:\Users\ashutoshs.RLLABINDIA\workspace\jcatalog\build.xml" />
    <property name="test.htmlreports.dir" value="C:\Users\ashutoshs.RLLABINDIA\workspace\jcatalog\build\test\htmlreports" />
    <property name="ant.project.name" value="jcatalog" />
    <property name="java.version" value="1.7.0_45" />
    <property name="user.timezone" value="" />
    <property name="sun.arch.data.model" value="32" />
    <property name="java.endorsed.dirs" value="C:\Program Files (x86)\Java\jre7\lib\endorsed" />
    <property name="sun.cpu.isalist" value="pentium_pro+mmx pentium_pro pentium+mmx pentium i486 i386 i86" />
    <property name="sun.jnu.encoding" value="Cp1252" />
    <property name="file.encoding.pkg" value="sun.io" />
    <property name="file.separator" value="\" />
    <property name="java.specification.name" value="Java Platform API Specification" />
    <property name="classes.dir" value="C:\Users\ashutoshs.RLLABINDIA\workspace\jcatalog\output" />
    <property name="java.class.version" value="51.0" />
    <property name="user.country" value="US" />
    <property name="java.home" value="C:\Program Files (x86)\Java\jre7" />
    <property name="dist.dir" value="C:\Users\ashutoshs.RLLABINDIA\workspace\jcatalog/dist" />
    <property name="java.vm.info" value="mixed mode, sharing" />
    <property name="ant.file" value="C:\Users\ashutoshs.RLLABINDIA\workspace\jcatalog\build.xml" />
    <property name="os.version" value="6.1" />
    <property name="path.separator" value=";" />
    <property name="java.vm.version" value="24.45-b08" />
    <property name="user.variant" value="" />
    <property name="web.dir" value="C:\Users\ashutoshs.RLLABINDIA\workspace\jcatalog/web" />
    <property name="ant.library.dir" value="C:\Users\ashutoshs.RLLABINDIA\Downloads\eclipse\eclipse\plugins\org.apache.ant_1.9.2.v201307241445\lib" />
    <property name="java.awt.printerjob" value="sun.awt.windows.WPrinterJob" />
    <property name="sun.io.unicode.encoding" value="UnicodeLittle" />
    <property name="awt.toolkit" value="sun.awt.windows.WToolkit" />
    <property name="junit.class.name" value="catalog.model.dao.hibernate.Testdb" />
    <property name="user.script" value="" />
    <property name="eclipse.pdebuild.scripts" value="/C:/Users/ashutoshs.RLLABINDIA/Downloads/eclipse/eclipse/plugins/org.eclipse.pde.build_3.9.0.v20130725-2123/scripts/" />
    <property name="user.home" value="C:\Users\ashutoshs.RLLABINDIA" />
    <property name="java.specification.vendor" value="Oracle Corporation" />
    <property name="java.library.path" value="C:\Program Files (x86)\Java\jre7\bin;C:\Windows\Sun\Java\bin;C:\Windows\system32;C:\Windows;C:/Program Files (x86)/Java/jre7/bin/client;C:/Program Files (x86)/Java/jre7/bin;C:/Program Files (x86)/Java/jre7/lib/i386;C:\Program Files (x86)\PC Connectivity Solution\;C:\Windows\system32;C:\Windows;C:\Windows\System32\Wbem;C:\Windows\System32\WindowsPowerShell\v1.0\;D:\cloudbees\cloudbees-sdk-1.5.0;D:\Java\jdk1.7.0_25\bin;C:\opscode\chef\bin;C:\opscode\chef\embedded\bin;C:\Users\ashutoshs.RLLABINDIA\Downloads\apache-maven-3.1.0\bin;C:\Users\ashutoshs.RLLABINDIA\Downloads\apache-ant-1.9.2\bin;C:\Program Files (x86)\nodejs\;C:\Program Files (x86)\MySQL\MySQL Utilities 1.3.4\;C:\Users\ashutoshs.RLLABINDIA\AppData\Roaming\npm;C:\Users\ashutoshs.RLLABINDIA\Downloads\eclipse\eclipse;;." />
    <property name="java.vendor.url" value="http://java.oracle.com/" />
    <property name="testdir" value="C:\Users\ashutoshs.RLLABINDIA\workspace\jcatalog\test" />
    <property name="java.vm.vendor" value="Oracle Corporation" />
    <property name="class.name" value="catalog.view.builder.Test1" />
    <property name="java.runtime.name" value="Java(TM) SE Runtime Environment" />
    <property name="sun.java.command" value="org.eclipse.ant.internal.launching.remote.InternalAntRunner -Dorg.eclipse.ant.core.ANT_PROCESS_ID=1386588557646 -Declipse.connect.port=51848 -Declipse.pdebuild.home=/C:/Users/ashutoshs.RLLABINDIA/Downloads/eclipse/eclipse/plugins/org.eclipse.pde.build_3.9.0.v20130725-2123/./ -Declipse.pdebuild.scripts=/C:/Users/ashutoshs.RLLABINDIA/Downloads/eclipse/eclipse/plugins/org.eclipse.pde.build_3.9.0.v20130725-2123/scripts/ -Declipse.pdebuild.templates=/C:/Users/ashutoshs.RLLABINDIA/Downloads/eclipse/eclipse/plugins/org.eclipse.pde.build_3.9.0.v20130725-2123/templates/ -Dant.home=C:\Users\ashutoshs.RLLABINDIA\Downloads\eclipse\eclipse\plugins\org.apache.ant_1.9.2.v201307241445 -logger org.eclipse.ant.internal.launching.remote.logger.RemoteAntBuildLogger -inputhandler org.eclipse.ant.internal.ui.antsupport.inputhandler.ProxyInputHandler -buildfile C:\Users\ashutoshs.RLLABINDIA\workspace\jcatalog\build.xml build.war build" />
    <property name="java.class.path" value="C:\Users\ashutoshs.RLLABINDIA\Downloads\eclipse\eclipse\plugins\org.apache.ant_1.9.2.v201307241445\lib\ant-antlr.jar;C:\Users\ashutoshs.RLLABINDIA\Downloads\eclipse\eclipse\plugins\org.apache.ant_1.9.2.v201307241445\lib\ant-apache-bcel.jar;C:\Users\ashutoshs.RLLABINDIA\Downloads\eclipse\eclipse\plugins\org.apache.ant_1.9.2.v201307241445\lib\ant-apache-bsf.jar;C:\Users\ashutoshs.RLLABINDIA\Downloads\eclipse\eclipse\plugins\org.apache.ant_1.9.2.v201307241445\lib\ant-apache-log4j.jar;C:\Users\ashutoshs.RLLABINDIA\Downloads\eclipse\eclipse\plugins\org.apache.ant_1.9.2.v201307241445\lib\ant-apache-oro.jar;C:\Users\ashutoshs.RLLABINDIA\Downloads\eclipse\eclipse\plugins\org.apache.ant_1.9.2.v201307241445\lib\ant-apache-regexp.jar;C:\Users\ashutoshs.RLLABINDIA\Downloads\eclipse\eclipse\plugins\org.apache.ant_1.9.2.v201307241445\lib\ant-apache-resolver.jar;C:\Users\ashutoshs.RLLABINDIA\Downloads\eclipse\eclipse\plugins\org.apache.ant_1.9.2.v201307241445\lib\ant-apache-xalan2.jar;C:\Users\ashutoshs.RLLABINDIA\Downloads\eclipse\eclipse\plugins\org.apache.ant_1.9.2.v201307241445\lib\ant-commons-logging.jar;C:\Users\ashutoshs.RLLABINDIA\Downloads\eclipse\eclipse\plugins\org.apache.ant_1.9.2.v201307241445\lib\ant-commons-net.jar;C:\Users\ashutoshs.RLLABINDIA\Downloads\eclipse\eclipse\plugins\org.apache.ant_1.9.2.v201307241445\lib\ant-jai.jar;C:\Users\ashutoshs.RLLABINDIA\Downloads\eclipse\eclipse\plugins\org.apache.ant_1.9.2.v201307241445\lib\ant-javamail.jar;C:\Users\ashutoshs.RLLABINDIA\Downloads\eclipse\eclipse\plugins\org.apache.ant_1.9.2.v201307241445\lib\ant-jdepend.jar;C:\Users\ashutoshs.RLLABINDIA\Downloads\eclipse\eclipse\plugins\org.apache.ant_1.9.2.v201307241445\lib\ant-jmf.jar;C:\Users\ashutoshs.RLLABINDIA\Downloads\eclipse\eclipse\plugins\org.apache.ant_1.9.2.v201307241445\lib\ant-jsch.jar;C:\Users\ashutoshs.RLLABINDIA\Downloads\eclipse\eclipse\plugins\org.apache.ant_1.9.2.v201307241445\lib\ant-junit.jar;C:\Users\ashutoshs.RLLABINDIA\Downloads\eclipse\eclipse\plugins\org.apache.ant_1.9.2.v201307241445\lib\ant-junit4.jar;C:\Users\ashutoshs.RLLABINDIA\Downloads\eclipse\eclipse\plugins\org.apache.ant_1.9.2.v201307241445\lib\ant-launcher.jar;C:\Users\ashutoshs.RLLABINDIA\Downloads\eclipse\eclipse\plugins\org.apache.ant_1.9.2.v201307241445\lib\ant-netrexx.jar;C:\Users\ashutoshs.RLLABINDIA\Downloads\eclipse\eclipse\plugins\org.apache.ant_1.9.2.v201307241445\lib\ant-swing.jar;C:\Users\ashutoshs.RLLABINDIA\Downloads\eclipse\eclipse\plugins\org.apache.ant_1.9.2.v201307241445\lib\ant-testutil.jar;C:\Users\ashutoshs.RLLABINDIA\Downloads\eclipse\eclipse\plugins\org.apache.ant_1.9.2.v201307241445\lib\ant.jar;C:\Users\ashutoshs.RLLABINDIA\Downloads\eclipse\eclipse\configuration\org.eclipse.osgi\65\0\.cp\lib\antdebug.jar;C:\Users\ashutoshs.RLLABINDIA\Downloads\eclipse\eclipse\configuration\org.eclipse.osgi\65\0\.cp\lib\remote.jar;C:\Users\ashutoshs.RLLABINDIA\Downloads\eclipse\eclipse\configuration\org.eclipse.osgi\66\0\.cp\lib\remoteAnt.jar;D:\Java\jdk1.7.0_25\lib\tools.jar" />
    <property name="ant.version" value="Apache Ant(TM) version 1.9.2 compiled on July 8 2013" />
    <property name="project.name" value="catalog" />
    <property name="java.vm.specification.name" value="Java Virtual Machine Specification" />
    <property name="java.vm.specification.version" value="1.7" />
    <property name="sun.cpu.endian" value="little" />
    <property name="sun.os.patch.level" value="Service Pack 1" />
    <property name="eclipse.pdebuild.home" value="/C:/Users/ashutoshs.RLLABINDIA/Downloads/eclipse/eclipse/plugins/org.eclipse.pde.build_3.9.0.v20130725-2123/./" />
    <property name="java.io.tmpdir" value="C:\Users\ASHUTO~1.RLL\AppData\Local\Temp\" />
    <property name="java.vendor.url.bug" value="http://bugreport.sun.com/bugreport/" />
    <property name="java.awt.graphicsenv" value="sun.awt.Win32GraphicsEnvironment" />
    <property name="os.arch" value="x86" />
    <property name="java.ext.dirs" value="C:\Program Files (x86)\Java\jre7\lib\ext;C:\Windows\Sun\Java\lib\ext" />
    <property name="user.dir" value="C:\Users\ashutoshs.RLLABINDIA\workspace\jcatalog" />
    <property name="line.separator" value="&#xd;&#xa;" />
    <property name="java.vm.name" value="Java HotSpot(TM) Client VM" />
    <property name="org.apache.tools.ant.taskdefs.optional.junit.AggregateTransformer0" value="C:\Users\ASHUTO~1.RLL\AppData\Local\Temp\null376134370" />
    <property name="basedir" value="C:\Users\ashutoshs.RLLABINDIA\workspace\jcatalog" />
    <property name="ant.java.version" value="1.7" />
    <property name="ant.core.lib" value="C:\Users\ashutoshs.RLLABINDIA\Downloads\eclipse\eclipse\plugins\org.apache.ant_1.9.2.v201307241445\lib\ant.jar" />
    <property name="ant.file.type.jcatalog" value="file" />
    <property name="file.encoding" value="UTF-8" />
    <property name="java.specification.version" value="1.7" />
    <property name="src.dir" value="C:\Users\ashutoshs.RLLABINDIA\workspace\jcatalog/src" />
    <property name="ant.project.invoked-targets" value="build.war,build" />
    <property name="full-compile" value="false" />
  </properties>
  <error message="catalog.view.builder.Test1" type="java.lang.ClassNotFoundException">java.lang.ClassNotFoundException: catalog.view.builder.Test1
	at java.lang.ClassLoader.loadClass(Unknown Source)
	at java.lang.Class.forName0(Native Method)
	at java.lang.Class.forName(Unknown Source)
	at org.eclipse.ant.internal.launching.remote.EclipseDefaultExecutor.executeTargets(EclipseDefaultExecutor.java:32)
	at org.eclipse.ant.internal.launching.remote.InternalAntRunner.run(InternalAntRunner.java:452)
	at org.eclipse.ant.internal.launching.remote.InternalAntRunner.main(InternalAntRunner.java:139)
</error>
  <system-out><![CDATA[]]></system-out>
  <system-err><![CDATA[]]></system-err>
</testsuite>
